<?xml version="1.0" encoding="UTF-8"?>
<!-- Generated by org.testng.reporters.JUnitReportReporter -->
<testsuite skipped="0" hostname="LAPTOP-36BHL9K1" name="com.crm.Tests.RegisterTests" tests="2" failures="0" timestamp="05 Jun 2022 16:03:21 GMT" time="21.325" errors="0">
  <testcase name="register_01" time="9.788" classname="com.crm.Tests.RegisterTests"/>
  <testcase name="register_02" time="11.537" classname="com.crm.Tests.RegisterTests"/>
</testsuite> <!-- com.crm.Tests.RegisterTests -->
