<?xml version="1.0" encoding="UTF-8"?>
<!-- Generated by org.testng.reporters.JUnitReportReporter -->
<testsuite skipped="0" hostname="LAPTOP-36BHL9K1" name="com.crm.Tests.FavLanguageTest" tests="1" failures="0" timestamp="11 Jun 2022 11:31:16 GMT" time="24.908" errors="0">
  <testcase name="favLang" time="24.908" classname="com.crm.Tests.FavLanguageTest"/>
</testsuite> <!-- com.crm.Tests.FavLanguageTest -->
